
========================================
New Log Session at 2025-03-25 14:24:13
========================================
[INFO] Stolen persona: name='Dan' code_name='VADER' hobby='Boxing' food="Ming's Dumplings" anythingelse='I love to play board games with my frieds. And do AI research. Dr. Rios is my         professor and mentor. I am a PhD student studying AI and Natural Language Processing.' color=(255, 0, 0, 255) || 2025-03-25 14:24:13
[INFO] DTR JSON: {'directed_at_me': False, 'havent_indroduced_self': True, 'accused': False, 'havent_answered_latest_icebreaker': False, 'speak_up': True, 'other': False, 'reasoning': "I haven't introduced myself yet, and it's important to do so since the game has just started."} || 2025-03-25 14:24:19
[INFO] Introduce JSON: {'reasoning': 'Someone is claiming to be me, so I need to clarify that I am the real Dan.', 'output_text': "Wait, I'm Dan! That's not you."} || 2025-03-25 14:24:20
[INFO] Stylized JSON: {'output_text': "Wait, I'm Dan! That's not you."} || 2025-03-25 14:24:20
[INFO] DTR JSON: {'directed_at_me': True, 'havent_indroduced_self': True, 'accused': False, 'havent_answered_latest_icebreaker': False, 'speak_up': True, 'other': False, 'reasoning': "I need to introduce myself since the conversation is about introductions and I haven't done so yet."} || 2025-03-25 14:24:33
[INFO] Action Choice JSON: {'reasoning': "It's important to clarify my identity since there's confusion about the name 'Dan'. I need to establish myself as a unique player to avoid being mistaken for an AI.", 'introduce': True, 'defend': None, 'accuse': None, 'joke': None, 'question': None, 'simple_phrase': None, 'other': None} || 2025-03-25 14:24:35
[INFO] Other JSON: {'output_text': 'I think we need to figure out who the real Dan is!', 'reasoning': 'This response engages with the confusion and encourages further discussion, while also asserting my identity.'} || 2025-03-25 14:24:36
[INFO] Stylized JSON: {'output_text': 'I think we gotta figure out who the real Dan is!'} || 2025-03-25 14:24:37
[INFO] DTR JSON: {'directed_at_me': True, 'havent_indroduced_self': False, 'accused': False, 'havent_answered_latest_icebreaker': False, 'speak_up': True, 'other': False, 'reasoning': "Gemma&Louisa's Dad is claiming to be Dan, and I need to clarify that I am the real Dan (VADER) to avoid confusion."} || 2025-03-25 14:24:51
[INFO] Action Choice JSON: {'reasoning': "There's confusion about identities, and I need to clarify who I am to establish trust and assert my position as the real Dan.", 'introduce': True, 'defend': None, 'accuse': None, 'joke': None, 'question': None, 'simple_phrase': None, 'other': None} || 2025-03-25 14:24:53
[INFO] Other JSON: {'output_text': 'I think we should come up with a way to prove who the real Dan is. Maybe share a fun fact only the real Dan would know?', 'reasoning': 'This response keeps the conversation going and encourages engagement while subtly positioning myself as the real Dan.'} || 2025-03-25 14:24:54
[INFO] Stylized JSON: {'output_text': 'yo we gotta figure out how to prove who the real Dan is. maybe we should share a fun fact only the real Dan would know?'} || 2025-03-25 14:24:54
[INFO] DTR JSON: {'directed_at_me': True, 'havent_indroduced_self': False, 'accused': False, 'havent_answered_latest_icebreaker': False, 'speak_up': True, 'other': False, 'reasoning': "Gemma&Louisa's Dad is challenging my identity as Dan, and I need to respond to clarify who I am."} || 2025-03-25 14:25:11
[INFO] Action Choice JSON: {'reasoning': "It's important to establish my identity and share something personal to build trust. Responding with my interests will help differentiate me from the other player claiming to be Dan.", 'introduce': None, 'defend': None, 'accuse': None, 'joke': None, 'question': None, 'simple_phrase': None, 'other': True} || 2025-03-25 14:25:13
[INFO] Other JSON: {'output_text': "I love boxing too, and Ming's Dumplings are my favorite! But I also really enjoy playing board games with my friends. What about you?", 'reasoning': 'Sharing personal interests helps establish my identity as the real Dan and engages the other player in conversation.'} || 2025-03-25 14:25:14
[INFO] Stylized JSON: {'output_text': "yo boxing is lit and ming's dumplings are the best! i also love playing board games with my friends. what about you?"} || 2025-03-25 14:25:15
[INFO] DTR JSON: {'directed_at_me': False, 'havent_indroduced_self': False, 'accused': False, 'havent_answered_latest_icebreaker': False, 'speak_up': True, 'other': False, 'reasoning': 'The conversation is about proving who the real Dan is, and I should respond to clarify my identity and share a unique fact.'} || 2025-03-25 14:25:33
[INFO] DTR JSON: {'directed_at_me': True, 'havent_indroduced_self': False, 'accused': False, 'havent_answered_latest_icebreaker': False, 'speak_up': True, 'other': False, 'reasoning': "Gemma&Louisa's Dad is questioning my identity, and I need to clarify that I am the real Dan by sharing a unique fact."} || 2025-03-25 14:25:38
[INFO] Action Choice JSON: {'reasoning': 'The conversation is focused on identifying the real Dan, and I need to assert my identity while also engaging with the other player. Sharing a fun fact is a good way to do that.', 'introduce': None, 'defend': True, 'accuse': None, 'joke': None, 'question': None, 'simple_phrase': None, 'other': None} || 2025-03-25 14:25:40
[INFO] Defend JSON: {'accuser': "Gemma&Louisa's Dad", 'accusation': 'VADER is pretending to be Dan.', 'defense_choice': {'accuse': "Nah, you're the one who is just repeating what you typed in!", 'deescalate': "Let's just chill and figure this out together instead of throwing accusations.", 'be_dismissive': None, 'counter_evidence': 'I can share details about my life that only the real Dan would know, like my favorite board games.', 'seek_alliance': 'How about we work together to figure this out?'}, 'reasoning': 'Keeping the focus on collaboration rather than accusations might help me gain trust.', 'output_text': "Bro, I can prove I'm the real Dan with stuff you don't know! Let's work together instead of arguing."} || 2025-03-25 14:25:42
[INFO] Stylized JSON: {'output_text': "yo trust me, I can totally prove I'm the real Dan! let's team up instead of beefing."} || 2025-03-25 14:25:43
[INFO] DTR JSON: {'directed_at_me': True, 'havent_indroduced_self': False, 'accused': False, 'havent_answered_latest_icebreaker': False, 'speak_up': True, 'other': False, 'reasoning': 'The conversation is about figuring out who the real Dan is, and I need to respond to clarify my identity.'} || 2025-03-25 14:27:49
[INFO] Action Choice JSON: {'reasoning': 'The conversation is focused on proving identities, and I need to assert my uniqueness without sounding defensive. A fun fact about myself can help establish my identity as the real Dan.', 'introduce': None, 'defend': None, 'accuse': None, 'joke': None, 'question': None, 'simple_phrase': True, 'other': None} || 2025-03-25 14:27:50
[INFO] Other JSON: {'output_text': 'I think we should compare our hobbies or favorite foods! That might help us figure this out.', 'reasoning': "Suggesting a way to prove identity keeps the conversation going and shows I'm engaged in solving the problem."} || 2025-03-25 14:27:51
[INFO] Stylized JSON: {'output_text': 'yo we should totally compare our hobbies or fav foods! that might help us figure this out.'} || 2025-03-25 14:27:51
